#
# There is insufficient memory for the Java Runtime Environment to continue.
# Native memory allocation (mmap) failed to map 266338304 bytes for G1 virtual space
# Possible reasons:
#   The system is out of physical RAM or swap space
#   The process is running with CompressedOops enabled, and the Java Heap may be blocking the growth of the native heap
# Possible solutions:
#   Reduce memory load on the system
#   Increase physical memory or swap space
#   Check if swap backing store is full
#   Decrease Java heap size (-Xmx/-Xms)
#   Decrease number of Java threads
#   Decrease Java thread stack sizes (-Xss)
#   Set larger code cache with -XX:ReservedCodeCacheSize=
#   JVM is running with Zero Based Compressed Oops mode in which the Java heap is
#     placed in the first 32GB address space. The Java Heap base address is the
#     maximum limit for the native heap growth. Please use -XX:HeapBaseMinAddress
#     to set the Java Heap base and to place the Java Heap above 32GB virtual address.
# This output file may be truncated or incomplete.
#
#  Out of Memory Error (os_windows.cpp:3550), pid=1572, tid=6048
#
# JRE version:  (17.0.8+9) (build )
# Java VM: Java HotSpot(TM) 64-Bit Server VM (17.0.8+9-LTS-211, mixed mode, sharing, tiered, compressed oops, compressed class ptrs, g1 gc, windows-amd64)
# No core dump will be written. Minidumps are not enabled by default on client versions of Windows
#

---------------  S U M M A R Y ------------

Command Line: --enable-native-access=ALL-UNNAMED -Dclassworlds.conf=C:\Program Files\apache\Maven\bin\m2.conf -Dmaven.home=C:\Program Files\apache\Maven -Dmaven.mainClass=org.apache.maven.cling.MavenCling -Dlibrary.jansi.path=C:\Program Files\apache\Maven\lib\jansi-native -Dmaven.multiModuleProjectDirectory=C:\Users\USER\Desktop\eventsProject org.codehaus.plexus.classworlds.launcher.Launcher clean install

Host: Intel(R) Core(TM) i5-10300H CPU @ 2.50GHz, 8 cores, 15G,  Windows 11 , 64 bit Build 22621 (10.0.22621.4391)
Time: Thu Dec 12 08:53:02 2024 Paris, Madrid elapsed time: 0.010238 seconds (0d 0h 0m 0s)

---------------  T H R E A D  ---------------

Current thread (0x0000027fdcda6df0):  JavaThread "Unknown thread" [_thread_in_vm, id=6048, stack(0x0000009bdfe00000,0x0000009bdff00000)]

Stack: [0x0000009bdfe00000,0x0000009bdff00000]
Native frames: (J=compiled Java code, j=interpreted, Vv=VM code, C=native code)
V  [jvm.dll+0x677d0a]
V  [jvm.dll+0x7d8c54]
V  [jvm.dll+0x7da3fe]
V  [jvm.dll+0x7daa63]
V  [jvm.dll+0x245c5f]
V  [jvm.dll+0x674bb9]
V  [jvm.dll+0x6694f2]
V  [jvm.dll+0x3031d6]
V  [jvm.dll+0x30a756]
V  [jvm.dll+0x359f9e]
V  [jvm.dll+0x35a1cf]
V  [jvm.dll+0x2da3e8]
V  [jvm.dll+0x2db354]
V  [jvm.dll+0x7aa711]
V  [jvm.dll+0x367b51]
V  [jvm.dll+0x789979]
V  [jvm.dll+0x3eb05f]
V  [jvm.dll+0x3ecae1]
C  [jli.dll+0x5297]
C  [ucrtbase.dll+0x29333]
C  [KERNEL32.DLL+0x1259d]
C  [ntdll.dll+0x5af38]


---------------  P R O C E S S  ---------------

Threads class SMR info:
_java_thread_list=0x00007ff9a77359d8, length=0, elements={
}

Java Threads: ( => current thread )

Other Threads:
  0x0000027fdce13c90 GCTaskThread "GC Thread#0" [stack: 0x0000009bdff00000,0x0000009be0000000] [id=9228]
  0x0000027fdce24820 ConcurrentGCThread "G1 Main Marker" [stack: 0x0000009be0000000,0x0000009be0100000] [id=9808]
  0x0000027fdce258e0 ConcurrentGCThread "G1 Conc#0" [stack: 0x0000009be0100000,0x0000009be0200000] [id=11692]

[error occurred during error reporting (printing all threads), id 0xc0000005, EXCEPTION_ACCESS_VIOLATION (0xc0000005) at pc=0x00007ff9a6f6b047]

VM state: not at safepoint (not fully initialized)

VM Mutex/Monitor currently owned by a thread:  ([mutex/lock_event])
[0x0000027fdcda2f50] Heap_lock - owner thread: 0x0000027fdcda6df0

Heap address: 0x0000000702c00000, size: 4052 MB, Compressed Oops mode: Zero based, Oop shift amount: 3

CDS archive(s) mapped at: [0x0000000000000000-0x0000000000000000-0x0000000000000000), size 0, SharedBaseAddress: 0x0000000800000000, ArchiveRelocationMode: 1.
Narrow klass base: 0x0000000000000000, Narrow klass shift: 0, Narrow klass range: 0x0

GC Precious Log:
<Empty>

Heap:
 garbage-first heap   total 0K, used 0K [0x0000000702c00000, 0x0000000800000000)
  region size 2048K, 0 young (0K), 0 survivors (0K)

[error occurred during error reporting (printing heap information), id 0xc0000005, EXCEPTION_ACCESS_VIOLATION (0xc0000005) at pc=0x00007ff9a7351499]

GC Heap History (0 events):
No events

Deoptimization events (0 events):
No events

Classes unloaded (0 events):
No events

Classes redefined (0 events):
No events

Internal exceptions (0 events):
No events

VM Operations (0 events):
No events

Events (1 events):
Event: 0.006 Loaded shared library C:\Program Files\Java\jdk-17\bin\java.dll


Dynamic libraries:
0x00007ff6643d0000 - 0x00007ff6643e0000 	C:\Program Files\Java\jdk-17\bin\java.exe
0x00007ffa59eb0000 - 0x00007ffa5a0c7000 	C:\WINDOWS\SYSTEM32\ntdll.dll
0x00007ffa58520000 - 0x00007ffa585e4000 	C:\WINDOWS\System32\KERNEL32.DLL
0x00007ffa57470000 - 0x00007ffa5782a000 	C:\WINDOWS\System32\KERNELBASE.dll
0x00007ffa57a90000 - 0x00007ffa57ba1000 	C:\WINDOWS\System32\ucrtbase.dll
0x00007ffa40d00000 - 0x00007ffa40d19000 	C:\Program Files\Java\jdk-17\bin\jli.dll
0x00007ffa40ce0000 - 0x00007ffa40cfb000 	C:\Program Files\Java\jdk-17\bin\VCRUNTIME140.dll
0x00007ffa57dc0000 - 0x00007ffa57e72000 	C:\WINDOWS\System32\ADVAPI32.dll
0x00007ffa589a0000 - 0x00007ffa58a47000 	C:\WINDOWS\System32\msvcrt.dll
0x00007ffa57c00000 - 0x00007ffa57ca7000 	C:\WINDOWS\System32\sechost.dll
0x00007ffa57200000 - 0x00007ffa57228000 	C:\WINDOWS\System32\bcrypt.dll
0x00007ffa58ed0000 - 0x00007ffa58fe4000 	C:\WINDOWS\System32\RPCRT4.dll
0x00007ffa582c0000 - 0x00007ffa5846e000 	C:\WINDOWS\System32\USER32.dll
0x00007ffa57440000 - 0x00007ffa57466000 	C:\WINDOWS\System32\win32u.dll
0x00007ffa45750000 - 0x00007ffa459e2000 	C:\WINDOWS\WinSxS\amd64_microsoft.windows.common-controls_6595b64144ccf1df_6.0.22621.4541_none_2710d1c57384c085\COMCTL32.dll
0x00007ffa587b0000 - 0x00007ffa587d9000 	C:\WINDOWS\System32\GDI32.dll
0x00007ffa578b0000 - 0x00007ffa579cb000 	C:\WINDOWS\System32\gdi32full.dll
0x00007ffa57230000 - 0x00007ffa572ca000 	C:\WINDOWS\System32\msvcp_win.dll
0x00007ffa52d60000 - 0x00007ffa52d6a000 	C:\WINDOWS\SYSTEM32\VERSION.dll
0x00007ffa59e30000 - 0x00007ffa59e61000 	C:\WINDOWS\System32\IMM32.DLL
0x00007ffa3f1c0000 - 0x00007ffa3f1cc000 	C:\Program Files\Java\jdk-17\bin\vcruntime140_1.dll
0x00007ffa3f130000 - 0x00007ffa3f1be000 	C:\Program Files\Java\jdk-17\bin\msvcp140.dll
0x00007ff9a6c80000 - 0x00007ff9a785e000 	C:\Program Files\Java\jdk-17\bin\server\jvm.dll
0x00007ffa58000000 - 0x00007ffa58008000 	C:\WINDOWS\System32\PSAPI.DLL
0x00007ffa478e0000 - 0x00007ffa47914000 	C:\WINDOWS\SYSTEM32\WINMM.dll
0x00007ffa41080000 - 0x00007ffa41089000 	C:\WINDOWS\SYSTEM32\WSOCK32.dll
0x00007ffa57cc0000 - 0x00007ffa57d31000 	C:\WINDOWS\System32\WS2_32.dll
0x00007ffa56270000 - 0x00007ffa56288000 	C:\WINDOWS\SYSTEM32\kernel.appcore.dll
0x00007ffa3f120000 - 0x00007ffa3f12a000 	C:\Program Files\Java\jdk-17\bin\jimage.dll
0x00007ffa4ebd0000 - 0x00007ffa4ee02000 	C:\WINDOWS\SYSTEM32\DBGHELP.DLL
0x00007ffa59aa0000 - 0x00007ffa59e2f000 	C:\WINDOWS\System32\combase.dll
0x00007ffa581e0000 - 0x00007ffa582b7000 	C:\WINDOWS\System32\OLEAUT32.dll
0x00007ffa4eb90000 - 0x00007ffa4ebc2000 	C:\WINDOWS\SYSTEM32\dbgcore.DLL
0x00007ffa57830000 - 0x00007ffa578ab000 	C:\WINDOWS\System32\bcryptPrimitives.dll
0x00007ffa3f0f0000 - 0x00007ffa3f115000 	C:\Program Files\Java\jdk-17\bin\java.dll

dbghelp: loaded successfully - version: 4.0.5 - missing functions: none
symbol engine: initialized successfully - sym options: 0x614 - pdb path: .;C:\Program Files\Java\jdk-17\bin;C:\WINDOWS\SYSTEM32;C:\WINDOWS\WinSxS\amd64_microsoft.windows.common-controls_6595b64144ccf1df_6.0.22621.4541_none_2710d1c57384c085;C:\Program Files\Java\jdk-17\bin\server

VM Arguments:
jvm_args: --enable-native-access=ALL-UNNAMED -Dclassworlds.conf=C:\Program Files\apache\Maven\bin\m2.conf -Dmaven.home=C:\Program Files\apache\Maven -Dmaven.mainClass=org.apache.maven.cling.MavenCling -Dlibrary.jansi.path=C:\Program Files\apache\Maven\lib\jansi-native -Dmaven.multiModuleProjectDirectory=C:\Users\USER\Desktop\eventsProject 
java_command: org.codehaus.plexus.classworlds.launcher.Launcher clean install
java_class_path (initial): C:\Program Files\apache\Maven\boot\plexus-classworlds-2.8.0.jar
Launcher Type: SUN_STANDARD

[Global flags]
     intx CICompilerCount                          = 4                                         {product} {ergonomic}
     uint ConcGCThreads                            = 2                                         {product} {ergonomic}
     uint G1ConcRefinementThreads                  = 8                                         {product} {ergonomic}
   size_t G1HeapRegionSize                         = 2097152                                   {product} {ergonomic}
    uintx GCDrainStackTargetSize                   = 64                                        {product} {ergonomic}
   size_t InitialHeapSize                          = 266338304                                 {product} {ergonomic}
   size_t MarkStackSize                            = 4194304                                   {product} {ergonomic}
   size_t MaxHeapSize                              = 4248829952                                {product} {ergonomic}
   size_t MinHeapDeltaBytes                        = 2097152                                   {product} {ergonomic}
   size_t MinHeapSize                              = 8388608                                   {product} {ergonomic}
    uintx NonNMethodCodeHeapSize                   = 5839372                                {pd product} {ergonomic}
    uintx NonProfiledCodeHeapSize                  = 122909434                              {pd product} {ergonomic}
    uintx ProfiledCodeHeapSize                     = 122909434                              {pd product} {ergonomic}
    uintx ReservedCodeCacheSize                    = 251658240                              {pd product} {ergonomic}
     bool SegmentedCodeCache                       = true                                      {product} {ergonomic}
   size_t SoftMaxHeapSize                          = 4248829952                             {manageable} {ergonomic}
     bool UseCompressedClassPointers               = true                           {product lp64_product} {ergonomic}
     bool UseCompressedOops                        = true                           {product lp64_product} {ergonomic}
     bool UseG1GC                                  = true                                      {product} {ergonomic}
     bool UseLargePagesIndividualAllocation        = false                                  {pd product} {ergonomic}

Logging:
Log output configuration:
 #0: stdout all=warning uptime,level,tags
 #1: stderr all=off uptime,level,tags

Environment Variables:
JAVA_HOME=C:\Program Files\Java\jdk-17
PATH=C:\Program Files (x86)\VMware\VMware Player\bin\;C:\Program Files\Common Files\Oracle\Java\javapath;C:\oraclexe\app\oracle\product\11.2.0\server\bin;C:\WINDOWS\system32;C:\WINDOWS;C:\WINDOWS\System32\Wbem;C:\WINDOWS\System32\WindowsPowerShell\v1.0\;C:\WINDOWS\System32\OpenSSH\;C:\Program Files\nodejs\;C:\Program Files (x86)\Microsoft SQL Server\160\Tools\Binn\;C:\Program Files\Microsoft SQL Server\160\Tools\Binn\;C:\Program Files\Microsoft SQL Server\Client SDK\ODBC\170\Tools\Binn\;C:\Program Files\Microsoft SQL Server\160\DTS\Binn\;C:\Program Files\Wondershare\Wondershare DemoCreator;C:\Program Files\Git\cmd;C:\Program Files\Docker\Docker\resources\bin;C:\Program Files\apache\Maven\bin;C:\Program Files\Java\jdk-17\bin;C:\Program Files\Vagrant\bin;C:\Users\USER\scoop\shims;C:\Users\USER\AppData\Local\Microsoft\WindowsApps;C:\Users\USER\AppData\Local\Programs\Microsoft VS Code\bin;C:\ProgramData\USER\atom\bin;C:\Users\USER\.dotnet\tools;C:\Users\User\.dotnet\tools;E:\Symphony;E:\ffmpeg\bin;C:\Users\USER\AppData\Roaming\Microsoft\Windows\Start Menu\Programs\Python 3.10;C:\xampp\xampp\php;C:\Users\USER\AppData\Roaming\Composer\vendor\bin;C:\Users\USER\AppData\Local\ComposerSetup\bin;C:\Users\USER\AppData\Local\Microsoft\WindowsApps;C:\Users\USER\AppData\Local\GitHubDesktop\bin;C:\Program Files\Java\jdk-17\bin;C:\Program Files\JetBrains\IntelliJ IDEA 2023.2.2\bin;;C:\Users\USER\AppData\Roaming\npm;C:\Program Files\MongoDB\Server\4.0\bin;C:\Program Files\apache\Maven\bin;
USERNAME=USER
OS=Windows_NT
PROCESSOR_IDENTIFIER=Intel64 Family 6 Model 165 Stepping 2, GenuineIntel



---------------  S Y S T E M  ---------------

OS:
 Windows 11 , 64 bit Build 22621 (10.0.22621.4391)
OS uptime: 0 days 0:16 hours
Hyper-V role detected

CPU: total 8 (initial active 8) (4 cores per cpu, 2 threads per core) family 6 model 165 stepping 2 microcode 0xe0, cx8, cmov, fxsr, ht, mmx, 3dnowpref, sse, sse2, sse3, ssse3, sse4.1, sse4.2, popcnt, lzcnt, tsc, tscinvbit, avx, avx2, aes, erms, clmul, bmi1, bmi2, adx, fma, vzeroupper, clflush, clflushopt, hv

Memory: 4k page, system-wide physical 16202M (517M free)
TotalPageFile size 24468M (AvailPageFile size 228M)
current process WorkingSet (physical memory assigned to process): 11M, peak: 11M
current process commit charge ("private bytes"): 60M, peak: 314M

vm_info: Java HotSpot(TM) 64-Bit Server VM (17.0.8+9-LTS-211) for windows-amd64 JRE (17.0.8+9-LTS-211), built on Jun 14 2023 10:34:31 by "mach5one" with MS VC++ 17.1 (VS2022)

END.
